Arguments: 
  /home/lacsi/.nvm/versions/node/v20.4.0/bin/node /home/lacsi/.yarn/bin/yarn.js

PATH: 
  /home/lacsi/novas/snake/tfjs-examples/cart-pole/node_modules/.bin:/home/lacsi/.local/share/pnpm/global/5/.pnpm/pnpm@8.7.1/node_modules/pnpm/dist/node-gyp-bin:/home/lacsi/.yarn/bin:/home/lacsi/.config/yarn/global/node_modules/.bin:/home/lacsi/.local/share/pnpm:/home/lacsi/miniconda3/bin:/home/lacsi/miniconda3/condabin:/home/lacsi/.nvm/versions/node/v20.4.0/bin:/home/lacsi/.local/bin:/usr/local/sbin:/usr/local/bin:/usr/sbin:/usr/bin:/sbin:/bin:/usr/games:/usr/local/games:/snap/bin:/snap/bin:/home/lacsi/.local/bin

Yarn version: 
  1.22.19

Node version: 
  20.4.0

Platform: 
  linux x64

Trace: 
  Error: ENOENT: no such file or directory, copyfile '/home/lacsi/.cache/yarn/v6/npm-abbrev-1.1.1-f8f2c887ad10bf67f634f005b6987fed3179aac8-integrity/node_modules/abbrev/LICENSE' -> '/home/lacsi/novas/snake/tfjs-examples/cart-pole/node_modules/node-gyp/node_modules/abbrev/LICENSE'

npm manifest: 
  {
    "name": "tfjs-examples-cart-pole",
    "version": "0.1.0",
    "description": "",
    "main": "index.js",
    "license": "Apache-2.0",
    "private": true,
    "engines": {
      "node": ">=8.9.0"
    },
    "dependencies": {
      "@tensorflow/tfjs": "2.4.0",
      "@tensorflow/tfjs-vis": "^1.4.3",
      "node-gyp": "^9.4.0",
      "nopt": "^7.2.0"
    },
    "scripts": {
      "build": "cross-env NODE_ENV=production parcel build --no-scope-hoist index.html --public-url ./",
      "link-local": "yalc link",
      "watch": "./serve.sh"
    },
    "devDependencies": {
      "buffer": "^6.0.3",
      "clang-format": "~1.2.2",
      "cross-env": "^5.1.6",
      "parcel": "~2.3.2",
      "process": "^0.11.10",
      "typescript": "^2.9.2",
      "yalc": "~1.0.0-pre.50"
    },
    "resolutions": {
      "node-fetch": "2.6.7",
      "ansi-regex": "5.0.1"
    }
  }

yarn manifest: 
  No manifest

Lockfile: 
  No lockfile
